e:\c++\tests\mychat\mychat\debug\mychat.pch
e:\c++\tests\mychat\mychat\debug\vc140.pdb
e:\c++\tests\mychat\mychat\debug\vc140.idb
e:\c++\tests\mychat\mychat\debug\stdafx.obj
e:\c++\tests\mychat\mychat\debug\connectclass.obj
e:\c++\tests\mychat\mychat\debug\dbmsg.obj
e:\c++\tests\mychat\mychat\debug\mychat.obj
e:\c++\tests\mychat\mychat\debug\serverclientinfo.obj
e:\c++\tests\mychat\mychat\debug\tools.obj
e:\c++\tests\mychat\debug\mychat.pdb
e:\c++\tests\mychat\mychat\debug\mychat.tlog\cl.command.1.tlog
e:\c++\tests\mychat\mychat\debug\mychat.tlog\cl.read.1.tlog
e:\c++\tests\mychat\mychat\debug\mychat.tlog\cl.write.1.tlog
e:\c++\tests\mychat\mychat\debug\mychat.tlog\link-cvtres.read.1.tlog
e:\c++\tests\mychat\mychat\debug\mychat.tlog\link-cvtres.write.1.tlog
e:\c++\tests\mychat\mychat\debug\mychat.tlog\link-rc.read.1.tlog
e:\c++\tests\mychat\mychat\debug\mychat.tlog\link-rc.write.1.tlog
e:\c++\tests\mychat\mychat\debug\mychat.tlog\link.command.1.tlog
e:\c++\tests\mychat\mychat\debug\mychat.tlog\link.read.1.tlog
e:\c++\tests\mychat\mychat\debug\mychat.tlog\link.write.1.tlog
